#
# A fatal error has been detected by the Java Runtime Environment:
#
#  EXCEPTION_ACCESS_VIOLATION (0xc0000005) at pc=0x0000000073447506, pid=3000, tid=0x0000000000003050
#
# JRE version: Java(TM) SE Runtime Environment (8.0_191-b12) (build 1.8.0_191-b12)
# Java VM: Java HotSpot(TM) 64-Bit Server VM (25.191-b12 mixed mode windows-amd64 compressed oops)
# Problematic frame:
# V  [jvm.dll+0x237506]
#
# Failed to write core dump. Minidumps are not enabled by default on client versions of Windows
#
# If you would like to submit a bug report, please visit:
#   http://bugreport.java.com/bugreport/crash.jsp
#

---------------  T H R E A D  ---------------

Current thread (0x00000000192d1800):  VMThread [stack: 0x000000001a360000,0x000000001a460000] [id=12368]

siginfo: ExceptionCode=0xc0000005, reading address 0x0000000000000008

Registers:
RAX=0x0000000000000000, RBX=0x000000001a45e920, RCX=0x000000001a45e920, RDX=0x0000000000000028
RSP=0x000000001a45e650, RBP=0x000000001a45ee60, RSI=0x0000000000000000, RDI=0x000000001a45eff0
R8 =0x0000000000000000, R9 =0x000000001ed59cd0, R10=0x0000000000000008, R11=0x0000000073818f18
R12=0x0000000017a75560, R13=0x000000001a45ee20, R14=0x00000000000003d8, R15=0x000000001a45ee10
RIP=0x0000000073447506, EFLAGS=0x0000000000010206

Top of Stack: (sp=0x000000001a45e650)
0x000000001a45e650:   0000000002b30790 0000000073447553
0x000000001a45e660:   000000000284f360 000000000284f280
0x000000001a45e670:   000000001fd10030 000000001fd101b0
0x000000001a45e680:   000000001fd0c880 0000000073447553
0x000000001a45e690:   000000001fd11560 000000001fca78f0
0x000000001a45e6a0:   0000000020bef300 000000007344774b
0x000000001a45e6b0:   000000001fd0f4b0 00000000231448d0
0x000000001a45e6c0:   0000531bf02fda6c 000000000284f240
0x000000001a45e6d0:   0000000000000000 000000007344798f
0x000000001a45e6e0:   000000001a45e860 0000000020bed8e0
0x000000001a45e6f0:   0000000020bee3b0 0000000021cf9450
0x000000001a45e700:   0000000021cf9e70 0000000021cfaca0
0x000000001a45e710:   000000001acc1730 0000000073447553
0x000000001a45e720:   00000000205a5dc0 000000001c398300
0x000000001a45e730:   000000001f6e9a60 000000001c0987d0
0x000000001a45e740:   000000001fd3f4d0 000000001fd11990 

Instructions: (pc=0x0000000073447506)
0x00000000734474e6:   01 00 00 48 8b 05 c0 b4 5b 00 48 33 c4 48 89 84
0x00000000734474f6:   24 30 01 00 00 4c 63 41 10 48 8b 41 08 48 8b d9
0x0000000073447506:   42 38 54 00 08 74 33 44 0f be c2 48 8d 4c 24 20
0x0000000073447516:   48 8d 15 13 ef 3e 00 e8 ae e6 de ff 48 8d 0d 97 


Register to memory mapping:

RAX=0x0000000000000000 is an unknown value
RBX=0x000000001a45e920 is an unknown value
RCX=0x000000001a45e920 is an unknown value
RDX=0x0000000000000028 is an unknown value
RSP=0x000000001a45e650 is an unknown value
RBP=0x000000001a45ee60 is an unknown value
RSI=0x0000000000000000 is an unknown value
RDI=0x000000001a45eff0 is an unknown value
R8 =0x0000000000000000 is an unknown value
R9 =0x000000001ed59cd0 is pointing into metadata
R10=0x0000000000000008 is an unknown value
R11=0x0000000073818f18 is an unknown value
R12=0x0000000017a75560 is an unknown value
R13=0x000000001a45ee20 is an unknown value
R14=0x00000000000003d8 is an unknown value
R15=0x000000001a45ee10 is an unknown value


Stack: [0x000000001a360000,0x000000001a460000],  sp=0x000000001a45e650,  free space=1017k
Native frames: (J=compiled Java code, j=interpreted, Vv=VM code, C=native code)
V  [jvm.dll+0x237506]
V  [jvm.dll+0x237b84]
V  [jvm.dll+0xff633]
V  [jvm.dll+0x10277b]
V  [jvm.dll+0x1031ef]
V  [jvm.dll+0x103a35]
V  [jvm.dll+0x103c82]
V  [jvm.dll+0xc525e]
V  [jvm.dll+0xc58e8]
V  [jvm.dll+0xc5a1a]
V  [jvm.dll+0xc5c18]
V  [jvm.dll+0x10fbba]
V  [jvm.dll+0x12d43f]
V  [jvm.dll+0x1bf3cf]
V  [jvm.dll+0x24d0c7]
V  [jvm.dll+0x24c366]
V  [jvm.dll+0x24c801]
V  [jvm.dll+0x24ca1e]
V  [jvm.dll+0x29eb9a]
C  [msvcr100.dll+0x21d9f]
C  [msvcr100.dll+0x21e3b]
C  [KERNEL32.DLL+0x14034]
C  [ntdll.dll+0x73691]

VM_Operation (0x000000001a95eef0): GetOrSetLocal, mode: safepoint, requested by thread 0x000000001937a800


---------------  P R O C E S S  ---------------

Java Threads: ( => current thread )
  0x000000001ade1800 JavaThread "HikariPool-1 connection adder" daemon [_thread_in_Java, id=15556, stack(0x0000000025e80000,0x0000000025f80000)]
  0x000000001fb85000 JavaThread "HikariPool-1 housekeeper" daemon [_thread_in_Java, id=7940, stack(0x0000000021870000,0x0000000021970000)]
  0x00000000250a8800 JavaThread "mysql-cj-abandoned-connection-cleanup" daemon [_thread_blocked, id=6172, stack(0x000000001e6b0000,0x000000001e7b0000)]
  0x000000001acd9800 JavaThread "Service Thread" daemon [_thread_blocked, id=13972, stack(0x000000001b760000,0x000000001b860000)]
  0x000000001ac38800 JavaThread "C1 CompilerThread3" daemon [_thread_blocked, id=15732, stack(0x000000001b660000,0x000000001b760000)]
  0x000000001ac3d000 JavaThread "C2 CompilerThread2" daemon [_thread_blocked, id=7756, stack(0x000000001b560000,0x000000001b660000)]
  0x000000001ac37800 JavaThread "C2 CompilerThread1" daemon [_thread_blocked, id=7124, stack(0x000000001b460000,0x000000001b560000)]
  0x000000001ac35000 JavaThread "C2 CompilerThread0" daemon [_thread_blocked, id=14692, stack(0x000000001b360000,0x000000001b460000)]
  0x000000001938d800 JavaThread "JDWP Command Reader" daemon [_thread_in_native, id=524, stack(0x000000001aa60000,0x000000001ab60000)]
  0x0000000019387000 JavaThread "JDWP Event Helper Thread" daemon [_thread_blocked, id=2532, stack(0x000000001a960000,0x000000001aa60000)]
  0x000000001937a800 JavaThread "JDWP Transport Listener: dt_socket" daemon [_thread_blocked, id=12848, stack(0x000000001a860000,0x000000001a960000)]
  0x000000001936b800 JavaThread "Attach Listener" daemon [_thread_blocked, id=10512, stack(0x000000001a760000,0x000000001a860000)]
  0x0000000019313800 JavaThread "Signal Dispatcher" daemon [_thread_blocked, id=6324, stack(0x000000001a660000,0x000000001a760000)]
  0x0000000017bf5000 JavaThread "Finalizer" daemon [_thread_blocked, id=12144, stack(0x000000001a560000,0x000000001a660000)]
  0x00000000192f3000 JavaThread "Reference Handler" daemon [_thread_blocked, id=11924, stack(0x000000001a460000,0x000000001a560000)]
  0x0000000002936800 JavaThread "main" [_thread_blocked, id=12016, stack(0x0000000002750000,0x0000000002850000)]

Other Threads:
=>0x00000000192d1800 VMThread [stack: 0x000000001a360000,0x000000001a460000] [id=12368]
  0x000000001ad45000 WatcherThread [stack: 0x000000001b860000,0x000000001b960000] [id=6064]

VM state:at safepoint (normal execution)

VM Mutex/Monitor currently owned by a thread:  ([mutex/lock_event])
[0x0000000002933840] Threads_lock - owner thread: 0x00000000192d1800

Heap:
 PSYoungGen      total 217600K, used 53743K [0x00000000d6500000, 0x00000000e4780000, 0x0000000100000000)
  eden space 207360K, 21% used [0x00000000d6500000,0x00000000d9002cf0,0x00000000e2f80000)
  from space 10240K, 94% used [0x00000000e3d80000,0x00000000e46f9130,0x00000000e4780000)
  to   space 12288K, 0% used [0x00000000e2f80000,0x00000000e2f80000,0x00000000e3b80000)
 ParOldGen       total 83968K, used 13537K [0x0000000082e00000, 0x0000000088000000, 0x00000000d6500000)
  object space 83968K, 16% used [0x0000000082e00000,0x0000000083b386a8,0x0000000088000000)
 Metaspace       used 46212K, capacity 48054K, committed 48384K, reserved 1091584K
  class space    used 5988K, capacity 6343K, committed 6400K, reserved 1048576K

Card table byte_map: [0x0000000011ef0000,0x00000000122e0000] byte_map_base: 0x0000000011ad9000

Marking Bits: (ParMarkBitMap*) 0x0000000073a33e30
 Begin Bits: [0x0000000012f80000, 0x0000000014ec8000)
 End Bits:   [0x0000000014ec8000, 0x0000000016e10000)

Polling page: 0x0000000000410000

CodeCache: size=245760Kb used=17711Kb max_used=17846Kb free=228048Kb
 bounds [0x0000000002b30000, 0x0000000003d40000, 0x0000000011b30000]
 total_blobs=4573 nmethods=4100 adapters=393
 compilation: enabled

Compilation events (10 events):
Event: 7.043 Thread 0x000000001ac3d000 nmethod 4529 0x0000000003091bd0 code [0x0000000003091d40, 0x0000000003092858]
Event: 7.043 Thread 0x000000001ac35000 4532 %     4       org.springframework.security.crypto.bcrypt.BCrypt::key @ 112 (154 bytes)
Event: 7.045 Thread 0x000000001ac35000 nmethod 4532% 0x0000000002fd4710 code [0x0000000002fd4880, 0x0000000002fd4d68]
Event: 7.045 Thread 0x000000001ac3d000 4533       4       org.springframework.security.crypto.bcrypt.BCrypt::key (154 bytes)
Event: 7.052 Thread 0x000000001ac3d000 nmethod 4533 0x0000000002eb2ad0 code [0x0000000002eb2c60, 0x0000000002eb3598]
Event: 7.212 Thread 0x000000001ac37800 nmethod 4516 0x00000000035bdf90 code [0x00000000035be640, 0x00000000035c6c38]
Event: 96.801 Thread 0x000000001ac38800 4534       3       com.mysql.cj.util.LazyString::<init> (26 bytes)
Event: 96.802 Thread 0x000000001ac38800 nmethod 4534 0x0000000002c69b90 code [0x0000000002c69ce0, 0x0000000002c69ed0]
Event: 96.818 Thread 0x000000001ac38800 4535       1       com.mysql.cj.result.DefaultColumnDefinition::getFields (5 bytes)
Event: 96.819 Thread 0x000000001ac38800 nmethod 4535 0x0000000002c68fd0 code [0x0000000002c69120, 0x0000000002c69230]

GC Heap History (10 events):
Event: 3.314 GC heap before
{Heap before GC invocations=8 (full 1):
 PSYoungGen      total 112640K, used 112252K [0x00000000d6500000, 0x00000000df400000, 0x0000000100000000)
  eden space 105472K, 100% used [0x00000000d6500000,0x00000000dcc00000,0x00000000dcc00000)
  from space 7168K, 94% used [0x00000000ded00000,0x00000000df39f1e0,0x00000000df400000)
  to   space 8192K, 0% used [0x00000000de400000,0x00000000de400000,0x00000000dec00000)
 ParOldGen       total 54272K, used 6612K [0x0000000082e00000, 0x0000000086300000, 0x00000000d6500000)
  object space 54272K, 12% used [0x0000000082e00000,0x00000000834752c8,0x0000000086300000)
 Metaspace       used 32243K, capacity 33194K, committed 33280K, reserved 1079296K
  class space    used 4120K, capacity 4343K, committed 4352K, reserved 1048576K
Event: 3.322 GC heap after
Heap after GC invocations=8 (full 1):
 PSYoungGen      total 138240K, used 8167K [0x00000000d6500000, 0x00000000e1b00000, 0x0000000100000000)
  eden space 130048K, 0% used [0x00000000d6500000,0x00000000d6500000,0x00000000de400000)
  from space 8192K, 99% used [0x00000000de400000,0x00000000debf9f60,0x00000000dec00000)
  to   space 11264K, 0% used [0x00000000e1000000,0x00000000e1000000,0x00000000e1b00000)
 ParOldGen       total 54272K, used 10200K [0x0000000082e00000, 0x0000000086300000, 0x00000000d6500000)
  object space 54272K, 18% used [0x0000000082e00000,0x00000000837f6088,0x0000000086300000)
 Metaspace       used 32243K, capacity 33194K, committed 33280K, reserved 1079296K
  class space    used 4120K, capacity 4343K, committed 4352K, reserved 1048576K
}
Event: 3.626 GC heap before
{Heap before GC invocations=9 (full 1):
 PSYoungGen      total 138240K, used 60628K [0x00000000d6500000, 0x00000000e1b00000, 0x0000000100000000)
  eden space 130048K, 40% used [0x00000000d6500000,0x00000000d983b0b0,0x00000000de400000)
  from space 8192K, 99% used [0x00000000de400000,0x00000000debf9f60,0x00000000dec00000)
  to   space 11264K, 0% used [0x00000000e1000000,0x00000000e1000000,0x00000000e1b00000)
 ParOldGen       total 54272K, used 10200K [0x0000000082e00000, 0x0000000086300000, 0x00000000d6500000)
  object space 54272K, 18% used [0x0000000082e00000,0x00000000837f6088,0x0000000086300000)
 Metaspace       used 34217K, capacity 35366K, committed 35416K, reserved 1081344K
  class space    used 4367K, capacity 4587K, committed 4608K, reserved 1048576K
Event: 3.632 GC heap after
Heap after GC invocations=9 (full 1):
 PSYoungGen      total 174592K, used 9202K [0x00000000d6500000, 0x00000000e4000000, 0x0000000100000000)
  eden space 163328K, 0% used [0x00000000d6500000,0x00000000d6500000,0x00000000e0480000)
  from space 11264K, 81% used [0x00000000e1000000,0x00000000e18fc978,0x00000000e1b00000)
  to   space 11776K, 0% used [0x00000000e0480000,0x00000000e0480000,0x00000000e1000000)
 ParOldGen       total 54272K, used 10208K [0x0000000082e00000, 0x0000000086300000, 0x00000000d6500000)
  object space 54272K, 18% used [0x0000000082e00000,0x00000000837f8088,0x0000000086300000)
 Metaspace       used 34217K, capacity 35366K, committed 35416K, reserved 1081344K
  class space    used 4367K, capacity 4587K, committed 4608K, reserved 1048576K
}
Event: 3.632 GC heap before
{Heap before GC invocations=10 (full 2):
 PSYoungGen      total 174592K, used 9202K [0x00000000d6500000, 0x00000000e4000000, 0x0000000100000000)
  eden space 163328K, 0% used [0x00000000d6500000,0x00000000d6500000,0x00000000e0480000)
  from space 11264K, 81% used [0x00000000e1000000,0x00000000e18fc978,0x00000000e1b00000)
  to   space 11776K, 0% used [0x00000000e0480000,0x00000000e0480000,0x00000000e1000000)
 ParOldGen       total 54272K, used 10208K [0x0000000082e00000, 0x0000000086300000, 0x00000000d6500000)
  object space 54272K, 18% used [0x0000000082e00000,0x00000000837f8088,0x0000000086300000)
 Metaspace       used 34217K, capacity 35366K, committed 35416K, reserved 1081344K
  class space    used 4367K, capacity 4587K, committed 4608K, reserved 1048576K
Event: 3.676 GC heap after
Heap after GC invocations=10 (full 2):
 PSYoungGen      total 174592K, used 0K [0x00000000d6500000, 0x00000000e4000000, 0x0000000100000000)
  eden space 163328K, 0% used [0x00000000d6500000,0x00000000d6500000,0x00000000e0480000)
  from space 11264K, 0% used [0x00000000e1000000,0x00000000e1000000,0x00000000e1b00000)
  to   space 11776K, 0% used [0x00000000e0480000,0x00000000e0480000,0x00000000e1000000)
 ParOldGen       total 83968K, used 13521K [0x0000000082e00000, 0x0000000088000000, 0x00000000d6500000)
  object space 83968K, 16% used [0x0000000082e00000,0x0000000083b346a8,0x0000000088000000)
 Metaspace       used 34217K, capacity 35366K, committed 35416K, reserved 1081344K
  class space    used 4367K, capacity 4587K, committed 4608K, reserved 1048576K
}
Event: 5.086 GC heap before
{Heap before GC invocations=11 (full 2):
 PSYoungGen      total 174592K, used 163328K [0x00000000d6500000, 0x00000000e4000000, 0x0000000100000000)
  eden space 163328K, 100% used [0x00000000d6500000,0x00000000e0480000,0x00000000e0480000)
  from space 11264K, 0% used [0x00000000e1000000,0x00000000e1000000,0x00000000e1b00000)
  to   space 11776K, 0% used [0x00000000e0480000,0x00000000e0480000,0x00000000e1000000)
 ParOldGen       total 83968K, used 13521K [0x0000000082e00000, 0x0000000088000000, 0x00000000d6500000)
  object space 83968K, 16% used [0x0000000082e00000,0x0000000083b346a8,0x0000000088000000)
 Metaspace       used 39486K, capacity 41036K, committed 41344K, reserved 1085440K
  class space    used 5092K, capacity 5390K, committed 5504K, reserved 1048576K
Event: 5.095 GC heap after
Heap after GC invocations=11 (full 2):
 PSYoungGen      total 175104K, used 8278K [0x00000000d6500000, 0x00000000e4900000, 0x0000000100000000)
  eden space 163328K, 0% used [0x00000000d6500000,0x00000000d6500000,0x00000000e0480000)
  from space 11776K, 70% used [0x00000000e0480000,0x00000000e0c959c0,0x00000000e1000000)
  to   space 11776K, 0% used [0x00000000e3d80000,0x00000000e3d80000,0x00000000e4900000)
 ParOldGen       total 83968K, used 13529K [0x0000000082e00000, 0x0000000088000000, 0x00000000d6500000)
  object space 83968K, 16% used [0x0000000082e00000,0x0000000083b366a8,0x0000000088000000)
 Metaspace       used 39486K, capacity 41036K, committed 41344K, reserved 1085440K
  class space    used 5092K, capacity 5390K, committed 5504K, reserved 1048576K
}
Event: 5.916 GC heap before
{Heap before GC invocations=12 (full 2):
 PSYoungGen      total 175104K, used 171606K [0x00000000d6500000, 0x00000000e4900000, 0x0000000100000000)
  eden space 163328K, 100% used [0x00000000d6500000,0x00000000e0480000,0x00000000e0480000)
  from space 11776K, 70% used [0x00000000e0480000,0x00000000e0c959c0,0x00000000e1000000)
  to   space 11776K, 0% used [0x00000000e3d80000,0x00000000e3d80000,0x00000000e4900000)
 ParOldGen       total 83968K, used 13529K [0x0000000082e00000, 0x0000000088000000, 0x00000000d6500000)
  object space 83968K, 16% used [0x0000000082e00000,0x0000000083b366a8,0x0000000088000000)
 Metaspace       used 42201K, capacity 43978K, committed 44288K, reserved 1087488K
  class space    used 5478K, capacity 5807K, committed 5888K, reserved 1048576K
Event: 5.926 GC heap after
Heap after GC invocations=12 (full 2):
 PSYoungGen      total 217600K, used 9700K [0x00000000d6500000, 0x00000000e4780000, 0x0000000100000000)
  eden space 207360K, 0% used [0x00000000d6500000,0x00000000d6500000,0x00000000e2f80000)
  from space 10240K, 94% used [0x00000000e3d80000,0x00000000e46f9130,0x00000000e4780000)
  to   space 12288K, 0% used [0x00000000e2f80000,0x00000000e2f80000,0x00000000e3b80000)
 ParOldGen       total 83968K, used 13537K [0x0000000082e00000, 0x0000000088000000, 0x00000000d6500000)
  object space 83968K, 16% used [0x0000000082e00000,0x0000000083b386a8,0x0000000088000000)
 Metaspace       used 42201K, capacity 43978K, committed 44288K, reserved 1087488K
  class space    used 5478K, capacity 5807K, committed 5888K, reserved 1048576K
}

Deoptimization events (10 events):
Event: 5.593 Thread 0x0000000002936800 Uncommon trap: reason=bimorphic action=maybe_recompile pc=0x0000000003992430 method=org.aspectj.weaver.World.resolve(Lorg/aspectj/weaver/ResolvedType;)Lorg/aspectj/weaver/ResolvedType; @ 14
Event: 5.855 Thread 0x0000000002936800 Uncommon trap: reason=predicate action=maybe_recompile pc=0x0000000002efea94 method=java.lang.String.regionMatches(ZILjava/lang/String;II)Z @ 63
Event: 5.914 Thread 0x0000000002936800 Uncommon trap: reason=bimorphic action=maybe_recompile pc=0x0000000003b378c0 method=java.util.AbstractList$Itr.next()Ljava/lang/Object; @ 14
Event: 5.915 Thread 0x0000000002936800 Uncommon trap: reason=bimorphic action=maybe_recompile pc=0x0000000003b378c0 method=java.util.AbstractList$Itr.next()Ljava/lang/Object; @ 14
Event: 5.915 Thread 0x0000000002936800 Uncommon trap: reason=bimorphic action=maybe_recompile pc=0x0000000003b378c0 method=java.util.AbstractList$Itr.next()Ljava/lang/Object; @ 14
Event: 5.915 Thread 0x0000000002936800 Uncommon trap: reason=bimorphic action=maybe_recompile pc=0x0000000003b378c0 method=java.util.AbstractList$Itr.next()Ljava/lang/Object; @ 14
Event: 6.078 Thread 0x0000000002936800 Uncommon trap: reason=unstable_if action=reinterpret pc=0x0000000003ae0d94 method=java.util.Properties.loadConvert([CII[C)Ljava/lang/String; @ 57
Event: 6.078 Thread 0x0000000002936800 Uncommon trap: reason=unstable_if action=reinterpret pc=0x0000000003abf6a4 method=java.util.Properties.loadConvert([CII[C)Ljava/lang/String; @ 57
Event: 6.079 Thread 0x0000000002936800 Uncommon trap: reason=unstable_if action=reinterpret pc=0x0000000003add7d0 method=java.util.Properties$LineReader.readLine()I @ 328
Event: 6.955 Thread 0x0000000002936800 Uncommon trap: reason=unstable_if action=reinterpret pc=0x0000000002ebf3bc method=sun.nio.cs.UTF_8$Decoder.decode([BII[C)I @ 30

Classes redefined (10 events):
Event: 96.346 Thread 0x00000000192d1800 redefined class name=com.uchain.jwtlogindemo.config.WebSecurityConfig, count=1
Event: 96.365 Thread 0x00000000192d1800 redefined class name=com.uchain.jwtlogindemo.security.JwtProperties, count=1
Event: 96.389 Thread 0x00000000192d1800 redefined class name=com.uchain.jwtlogindemo.security.JwtUserDetailServiceImpl, count=1
Event: 96.415 Thread 0x00000000192d1800 redefined class name=com.uchain.jwtlogindemo.service.UserService, count=1
Event: 96.451 Thread 0x00000000192d1800 redefined class name=com.uchain.jwtlogindemo.service.impl.UserServiceImpl, count=1
Event: 96.479 Thread 0x00000000192d1800 redefined class name=com.uchain.jwtlogindemo.util.JwtTokenUtil, count=1
Event: 96.501 Thread 0x00000000192d1800 redefined class name=com.uchain.jwtlogindemo.service.impl.UserServiceImplTest, count=1
Event: 96.531 Thread 0x00000000192d1800 redefined class name=com.uchain.jwtlogindemo.entity.User, count=1
Event: 96.558 Thread 0x00000000192d1800 redefined class name=com.uchain.jwtlogindemo.security.JwtAuthenticationTokenFilter, count=1
Event: 715.969 Thread 0x00000000192d1800 redefined class name=com.uchain.jwtlogindemo.service.impl.UserServiceImpl, count=2

Internal exceptions (10 events):
Event: 5.769 Thread 0x0000000002936800 Exception <a 'java/lang/ClassNotFoundException': org/springframework/web/multipart/MultipartResolverCustomizer> (0x00000000df36fa20) thrown at [C:\re\workspace\8-2-build-windows-amd64-cygwin\jdk8u191\11896\hotspot\src\share\vm\classfile\systemDictionary.c
Event: 5.783 Thread 0x0000000002936800 Exception <a 'java/lang/ClassNotFoundException': java/lang/ObjectCustomizer> (0x00000000df5b84c0) thrown at [C:\re\workspace\8-2-build-windows-amd64-cygwin\jdk8u191\11896\hotspot\src\share\vm\classfile\systemDictionary.cpp, line 210]
Event: 5.784 Thread 0x0000000002936800 Exception <a 'java/lang/ClassNotFoundException': org/springframework/security/authentication/dao/AbstractUserDetailsAuthenticationProviderCustomizer> (0x00000000df5e2088) thrown at [C:\re\workspace\8-2-build-windows-amd64-cygwin\jdk8u191\11896\hotspot\src
Event: 5.784 Thread 0x0000000002936800 Exception <a 'java/lang/ClassNotFoundException': org/springframework/security/authentication/dao/DaoAuthenticationProviderCustomizer> (0x00000000df614118) thrown at [C:\re\workspace\8-2-build-windows-amd64-cygwin\jdk8u191\11896\hotspot\src\share\vm\classf
Event: 5.785 Thread 0x0000000002936800 Exception <a 'java/lang/ClassNotFoundException': org/springframework/security/authentication/AuthenticationProviderCustomizer> (0x00000000df640ad0) thrown at [C:\re\workspace\8-2-build-windows-amd64-cygwin\jdk8u191\11896\hotspot\src\share\vm\classfile\sys
Event: 5.785 Thread 0x0000000002936800 Exception <a 'java/lang/ClassNotFoundException': org/springframework/beans/factory/InitializingBeanCustomizer> (0x00000000df65d270) thrown at [C:\re\workspace\8-2-build-windows-amd64-cygwin\jdk8u191\11896\hotspot\src\share\vm\classfile\systemDictionary.cp
Event: 5.786 Thread 0x0000000002936800 Exception <a 'java/lang/ClassNotFoundException': org/springframework/context/MessageSourceAwareCustomizer> (0x00000000df6771d8) thrown at [C:\re\workspace\8-2-build-windows-amd64-cygwin\jdk8u191\11896\hotspot\src\share\vm\classfile\systemDictionary.cpp, l
Event: 5.786 Thread 0x0000000002936800 Exception <a 'java/lang/ClassNotFoundException': org/springframework/beans/factory/AwareCustomizer> (0x00000000df68f658) thrown at [C:\re\workspace\8-2-build-windows-amd64-cygwin\jdk8u191\11896\hotspot\src\share\vm\classfile\systemDictionary.cpp, line 210
Event: 5.818 Thread 0x0000000002936800 Exception <a 'java/lang/ClassNotFoundException': java/lang/ObjectCustomizer> (0x00000000df8da7c0) thrown at [C:\re\workspace\8-2-build-windows-amd64-cygwin\jdk8u191\11896\hotspot\src\share\vm\classfile\systemDictionary.cpp, line 210]
Event: 5.819 Thread 0x0000000002936800 Exception <a 'java/lang/ClassNotFoundException': com/uchain/jwtlogindemo/service/impl/UserServiceImplTestCustomizer> (0x00000000df8f9468) thrown at [C:\re\workspace\8-2-build-windows-amd64-cygwin\jdk8u191\11896\hotspot\src\share\vm\classfile\systemDiction

Events (10 events):
Event: 716.150 Executing VM operation: GetOrSetLocal done
Event: 716.159 Executing VM operation: GetOrSetLocal
Event: 716.159 Executing VM operation: GetOrSetLocal done
Event: 716.168 Executing VM operation: GetOrSetLocal
Event: 716.168 Executing VM operation: GetOrSetLocal done
Event: 716.192 Executing VM operation: GetOrSetLocal
Event: 716.192 Executing VM operation: GetOrSetLocal done
Event: 716.198 Executing VM operation: GetOrSetLocal
Event: 716.198 Executing VM operation: GetOrSetLocal done
Event: 716.288 Executing VM operation: GetOrSetLocal


Dynamic libraries:
0x00007ff7ec6a0000 - 0x00007ff7ec6d7000 	C:\Program Files\Java\jdk1.8.0_191\bin\java.exe
0x00007ff992520000 - 0x00007ff992701000 	C:\WINDOWS\SYSTEM32\ntdll.dll
0x00007ff991f10000 - 0x00007ff991fc1000 	C:\WINDOWS\System32\KERNEL32.DLL
0x00007ff98f730000 - 0x00007ff98f9a3000 	C:\WINDOWS\System32\KERNELBASE.dll
0x00007ff991590000 - 0x00007ff991631000 	C:\WINDOWS\System32\ADVAPI32.dll
0x00007ff991cc0000 - 0x00007ff991d5e000 	C:\WINDOWS\System32\msvcrt.dll
0x00007ff991530000 - 0x00007ff99158b000 	C:\WINDOWS\System32\sechost.dll
0x00007ff9917a0000 - 0x00007ff9918c4000 	C:\WINDOWS\System32\RPCRT4.dll
0x00007ff991b30000 - 0x00007ff991cc0000 	C:\WINDOWS\System32\USER32.dll
0x00007ff98eae0000 - 0x00007ff98eb00000 	C:\WINDOWS\System32\win32u.dll
0x00007ff9923f0000 - 0x00007ff992418000 	C:\WINDOWS\System32\GDI32.dll
0x00007ff98e940000 - 0x00007ff98ead1000 	C:\WINDOWS\System32\gdi32full.dll
0x00007ff98eb00000 - 0x00007ff98eb9f000 	C:\WINDOWS\System32\msvcp_win.dll
0x00007ff98f520000 - 0x00007ff98f618000 	C:\WINDOWS\System32\ucrtbase.dll
0x00007ff978240000 - 0x00007ff9784a9000 	C:\WINDOWS\WinSxS\amd64_microsoft.windows.common-controls_6595b64144ccf1df_6.0.17134.950_none_fb3da4273069d3e0\COMCTL32.dll
0x00007ff991ff0000 - 0x00007ff992312000 	C:\WINDOWS\System32\combase.dll
0x00007ff98f4a0000 - 0x00007ff98f519000 	C:\WINDOWS\System32\bcryptPrimitives.dll
0x00007ff991ee0000 - 0x00007ff991f0d000 	C:\WINDOWS\System32\IMM32.DLL
0x0000000073ac0000 - 0x0000000073b92000 	C:\Program Files\Java\jdk1.8.0_191\jre\bin\msvcr100.dll
0x0000000073210000 - 0x0000000073ab4000 	C:\Program Files\Java\jdk1.8.0_191\jre\bin\server\jvm.dll
0x00007ff9923d0000 - 0x00007ff9923d8000 	C:\WINDOWS\System32\PSAPI.DLL
0x00007ff98a310000 - 0x00007ff98a31a000 	C:\WINDOWS\SYSTEM32\VERSION.dll
0x00007ff974680000 - 0x00007ff974689000 	C:\WINDOWS\SYSTEM32\WSOCK32.dll
0x00007ff98b4f0000 - 0x00007ff98b513000 	C:\WINDOWS\SYSTEM32\WINMM.dll
0x00007ff990df0000 - 0x00007ff990e5c000 	C:\WINDOWS\System32\WS2_32.dll
0x00007ff98b4c0000 - 0x00007ff98b4ea000 	C:\WINDOWS\SYSTEM32\winmmbase.dll
0x00007ff98e8f0000 - 0x00007ff98e939000 	C:\WINDOWS\System32\cfgmgr32.dll
0x0000000073200000 - 0x000000007320f000 	C:\Program Files\Java\jdk1.8.0_191\jre\bin\verify.dll
0x00000000731d0000 - 0x00000000731f9000 	C:\Program Files\Java\jdk1.8.0_191\jre\bin\java.dll
0x0000000073170000 - 0x00000000731a5000 	C:\Program Files\Java\jdk1.8.0_191\jre\bin\jdwp.dll
0x0000000073160000 - 0x0000000073168000 	C:\Program Files\Java\jdk1.8.0_191\jre\bin\npt.dll
0x0000000073130000 - 0x0000000073153000 	C:\Program Files\Java\jdk1.8.0_191\jre\bin\instrument.dll
0x00000000731b0000 - 0x00000000731c6000 	C:\Program Files\Java\jdk1.8.0_191\jre\bin\zip.dll
0x00007ff98f9b0000 - 0x00007ff990df0000 	C:\WINDOWS\System32\SHELL32.dll
0x00007ff992320000 - 0x00007ff9923c9000 	C:\WINDOWS\System32\shcore.dll
0x00007ff98ed90000 - 0x00007ff98f49d000 	C:\WINDOWS\System32\windows.storage.dll
0x00007ff9918d0000 - 0x00007ff991921000 	C:\WINDOWS\System32\shlwapi.dll
0x00007ff98e8d0000 - 0x00007ff98e8e1000 	C:\WINDOWS\System32\kernel.appcore.dll
0x00007ff98e8a0000 - 0x00007ff98e8bf000 	C:\WINDOWS\System32\profapi.dll
0x00007ff98e830000 - 0x00007ff98e87c000 	C:\WINDOWS\System32\powrprof.dll
0x00007ff98e8c0000 - 0x00007ff98e8ca000 	C:\WINDOWS\System32\FLTLIB.DLL
0x0000000073120000 - 0x0000000073129000 	C:\Program Files\Java\jdk1.8.0_191\jre\bin\dt_socket.dll
0x00007ff98e090000 - 0x00007ff98e0f6000 	C:\WINDOWS\system32\mswsock.dll
0x00000000730b0000 - 0x00000000730ca000 	C:\Program Files\Java\jdk1.8.0_191\jre\bin\net.dll
0x0000000073090000 - 0x00000000730a1000 	C:\Program Files\Java\jdk1.8.0_191\jre\bin\nio.dll
0x0000000073110000 - 0x000000007311d000 	C:\Program Files\Java\jdk1.8.0_191\jre\bin\management.dll
0x00007ff967ac0000 - 0x00007ff967ad6000 	C:\WINDOWS\system32\napinsp.dll
0x00007ff967aa0000 - 0x00007ff967aba000 	C:\WINDOWS\system32\pnrpnsp.dll
0x00007ff98b600000 - 0x00007ff98b619000 	C:\WINDOWS\system32\NLAapi.dll
0x00007ff98de20000 - 0x00007ff98dede000 	C:\WINDOWS\SYSTEM32\DNSAPI.dll
0x00007ff9914c0000 - 0x00007ff9914c8000 	C:\WINDOWS\System32\NSI.dll
0x00007ff98dde0000 - 0x00007ff98de18000 	C:\WINDOWS\SYSTEM32\IPHLPAPI.DLL
0x00007ff967a90000 - 0x00007ff967a9e000 	C:\WINDOWS\System32\winrnr.dll
0x00007ff967a70000 - 0x00007ff967a85000 	C:\WINDOWS\System32\wshbth.dll
0x00007ff9842e0000 - 0x00007ff9842ea000 	C:\Windows\System32\rasadhlp.dll
0x00007ff9849f0000 - 0x00007ff984a62000 	C:\WINDOWS\System32\fwpuclnt.dll
0x00007ff98e370000 - 0x00007ff98e395000 	C:\WINDOWS\SYSTEM32\bcrypt.dll
0x00007ff98e240000 - 0x00007ff98e257000 	C:\WINDOWS\SYSTEM32\CRYPTSP.dll
0x00007ff98dc40000 - 0x00007ff98dc73000 	C:\WINDOWS\system32\rsaenh.dll
0x00007ff98e760000 - 0x00007ff98e788000 	C:\WINDOWS\SYSTEM32\USERENV.dll
0x00007ff98e260000 - 0x00007ff98e26b000 	C:\WINDOWS\SYSTEM32\CRYPTBASE.dll
0x00007ff987b20000 - 0x00007ff987b36000 	C:\WINDOWS\SYSTEM32\dhcpcsvc6.DLL
0x00007ff987b00000 - 0x00007ff987b1a000 	C:\WINDOWS\SYSTEM32\dhcpcsvc.DLL
0x0000000180000000 - 0x0000000180281000 	D:\apache-tomcat-9.0.17\bin\tcnative-1.dll
0x00007ff98eba0000 - 0x00007ff98ed82000 	C:\WINDOWS\System32\CRYPT32.dll
0x00007ff98e880000 - 0x00007ff98e892000 	C:\WINDOWS\System32\MSASN1.dll
0x00007ff973b20000 - 0x00007ff973ce9000 	C:\WINDOWS\SYSTEM32\dbghelp.dll

VM Arguments:
jvm_args: -agentlib:jdwp=transport=dt_socket,address=127.0.0.1:2682,suspend=y,server=n -ea -Didea.test.cyclic.buffer.size=1048576 -javaagent:C:\Users\Darrick\.IntelliJIdea2018.2\system\captureAgent\debugger-agent.jar=file:/C:/Users/Darrick/AppData/Local/Temp/capture.props -Dfile.encoding=UTF-8 
java_command: com.intellij.rt.execution.junit.JUnitStarter -ideVersion5 -junit4 com.uchain.jwtlogindemo.service.impl.UserServiceImplTest,login
java_class_path (initial): D:\IntelliJ IDEA 2018.2.5\lib\idea_rt.jar;D:\IntelliJ IDEA 2018.2.5\plugins\junit\lib\junit-rt.jar;D:\IntelliJ IDEA 2018.2.5\plugins\junit\lib\junit5-rt.jar;C:\Program Files\Java\jdk1.8.0_191\jre\lib\charsets.jar;C:\Program Files\Java\jdk1.8.0_191\jre\lib\deploy.jar;C:\Program Files\Java\jdk1.8.0_191\jre\lib\ext\access-bridge-64.jar;C:\Program Files\Java\jdk1.8.0_191\jre\lib\ext\cldrdata.jar;C:\Program Files\Java\jdk1.8.0_191\jre\lib\ext\dnsns.jar;C:\Program Files\Java\jdk1.8.0_191\jre\lib\ext\jaccess.jar;C:\Program Files\Java\jdk1.8.0_191\jre\lib\ext\jfxrt.jar;C:\Program Files\Java\jdk1.8.0_191\jre\lib\ext\localedata.jar;C:\Program Files\Java\jdk1.8.0_191\jre\lib\ext\nashorn.jar;C:\Program Files\Java\jdk1.8.0_191\jre\lib\ext\sunec.jar;C:\Program Files\Java\jdk1.8.0_191\jre\lib\ext\sunjce_provider.jar;C:\Program Files\Java\jdk1.8.0_191\jre\lib\ext\sunmscapi.jar;C:\Program Files\Java\jdk1.8.0_191\jre\lib\ext\sunpkcs11.jar;C:\Program Files\Java\jdk1.8.0_191\jre\lib\ext\zipfs.jar;C:\Program Files\Java\jdk1.8.0_191\jre\lib\javaws.jar;C:\Program Files\Java\jdk1.8.0_191\jre\lib\jce.jar;C:\Program Files\Java\jdk1.8.0_191\jre\lib\jfr.jar;C:\Program Files\Java\jdk1.8.0_191\jre\lib\jfxswt.jar;C:\Program Files\Java\jdk1.8.0_191\jre\lib\jsse.jar;C:\Program Files\Java\jdk1.8.0_191\jre\lib\management-agent.jar;C:\Program Files\Java\jdk1.8.0_191\jre\lib\plugin.jar;C:\Program Files\Java\jdk1.8.0_191\jre\lib\resources.jar;C:\Program Files\Java\jdk1.8.0_191\jre\lib\rt.jar;D:\学习项目\IdeaProject\JwtLogInDemo\target\test-classes;D:\学习项目\IdeaProject\JwtLogInDemo\target\classes;F:\repo\org\springframework\boot\spring-boot-starter-jdbc\2.1.7.RELEASE\spring-boot-starter-jdbc-2.1.7.RELEASE.jar;F:\repo\org\springframework\boot\spring-boot-starter\2.1.7.RELEASE\spring-boot-starter-2.1.7.RELEASE.jar;F:\repo\org\springframework\boot\spring-boot\2.1.7.RELEASE\spring-boot-2.1.7.RELEASE.jar;F:\repo\org\springframework\boot\spring-boot-autoconfigure\2.1.7.RELEASE\s
Launcher Type: SUN_STANDARD

Environment Variables:
JAVA_HOME=C:\Program Files\Java\jdk1.8.0_191
CLASSPATH=.;C:\Program Files\Java\jdk1.8.0_191\lib\dt.jar;C:\Program Files\Java\jdk1.8.0_191\lib\tools.jar
PATH=C:\Program Files (x86)\Common Files\Oracle\Java\javapath;C:\Program Files (x86)\Intel\Intel(R) Management Engine Components\iCLS\;C:\Program Files\Intel\Intel(R) Management Engine Components\iCLS\;C:\Windows\system32;C:\Windows;C:\Windows\System32\Wbem;C:\Windows\System32\WindowsPowerShell\v1.0\;C:\Program Files (x86)\NVIDIA Corporation\PhysX\Common;C:\Program Files (x86)\Intel\Intel(R) Management Engine Components\DAL;C:\Program Files\Intel\Intel(R) Management Engine Components\DAL;C:\Program Files (x86)\Intel\Intel(R) Management Engine Components\IPT;C:\Program Files\Intel\Intel(R) Management Engine Components\IPT;C:\Program Files\Intel\WiFi\bin\;C:\Program Files\Common Files\Intel\WirelessCommon\;C:\WINDOWS\system32;C:\WINDOWS;C:\WINDOWS\System32\Wbem;C:\WINDOWS\System32\WindowsPowerShell\v1.0\;C:\WINDOWS\System32\OpenSSH\;D:\apache-tomcat-9.0.17\bin;%M2_HOME%\bin;F:\apache-maven-3\apache-maven-3.6.1\bin;C:\Program Files\Microsoft SQL Server\110\Tools\Binn\;C:\Program Files (x86)\Microsoft SQL Server\100\Tools\Binn\;C:\Program Files\Microsoft SQL Server\100\Tools\Binn\;C:\Program Files\Microsoft SQL Server\100\DTS\Binn\;C:\Program Files\NVIDIA Corporation\NVIDIA NvDLISR;D:\Git\cmd;C:\Program Files\Java\jdk1.8.0_191\bin;C:\Program Files\Java\jdk1.8.0_191\jre\bin;
USERNAME=Darrick
OS=Windows_NT
PROCESSOR_IDENTIFIER=Intel64 Family 6 Model 158 Stepping 10, GenuineIntel



---------------  S Y S T E M  ---------------

OS: Windows 10.0 , 64 bit Build 17134 (10.0.17134.753)

CPU:total 12 (initial active 12) (6 cores per cpu, 2 threads per core) family 6 model 158 stepping 10, cmov, cx8, fxsr, mmx, sse, sse2, sse3, ssse3, sse4.1, sse4.2, popcnt, avx, avx2, aes, clmul, erms, 3dnowpref, lzcnt, ht, tsc, tscinvbit, bmi1, bmi2, adx

Memory: 4k page, physical 8197516k(2793636k free), swap 15013260k(5953176k free)

vm_info: Java HotSpot(TM) 64-Bit Server VM (25.191-b12) for windows-amd64 JRE (1.8.0_191-b12), built on Oct  6 2018 09:29:03 by "java_re" with MS VC++ 10.0 (VS2010)

time: Thu Aug 15 11:53:32 2019
elapsed time: 716 seconds (0d 0h 11m 56s)

